<?xml version="1.0" encoding="UTF-8"?>
<testsuite xmlns:xsi="http://www.w3.org/2001/XMLSchema-instance" xsi:noNamespaceSchemaLocation="https://maven.apache.org/surefire/maven-surefire-plugin/xsd/surefire-test-report.xsd" name="fr.marc.patientui.controller.PatientControllerTest" time="1.336" tests="13" errors="0" skipped="0" failures="0">
  <properties>
[...]
</properties>
  <testcase name="displayHomePage" classname="fr.marc.patientui.controller.PatientControllerTest" time="0.019"/>
  <testcase name="displayPatientUpdatePage" classname="fr.marc.patientui.controller.PatientControllerTest" time="0.031"/>
  <testcase name="displayPatientInfoPage" classname="fr.marc.patientui.controller.PatientControllerTest" time="0.02"/>
  <testcase name="displayPatientListPage" classname="fr.marc.patientui.controller.PatientControllerTest" time="0.011"/>
  <testcase name="patientController_is_correctely_called" classname="fr.marc.patientui.controller.PatientControllerTest" time="0.094"/>
  <testcase name="create_patient5" classname="fr.marc.patientui.controller.PatientControllerTest$PatientCreateRequest" time="0.151"/>
  <testcase name="no_patient_with_this_id" classname="fr.marc.patientui.controller.PatientControllerTest$PatientUpdateRequest" time="0.02"/>
  <testcase name="update_patient1" classname="fr.marc.patientui.controller.PatientControllerTest$PatientUpdateRequest" time="0.014"/>
  <testcase name="this_patient_already_exist" classname="fr.marc.patientui.controller.PatientControllerTest$PatientUpdateRequest" time="0.014"/>
  <testcase name="find_patient1" classname="fr.marc.patientui.controller.PatientControllerTest$PatientSearchRequest" time="0.048"/>
  <testcase name="blanck_home_page" classname="fr.marc.patientui.controller.PatientControllerTest$displayPatientSearchPage" time="0.015"/>
  <testcase name="display_patient1" classname="fr.marc.patientui.controller.PatientControllerTest$displayPatientSearchPage" time="0.01"/>
  <testcase name="patient_does_not_exist" classname="fr.marc.patientui.controller.PatientControllerTest$displayPatientSearchPage" time="0.011"/>
</testsuite>